<?xml version="1.0" encoding="UTF-8"?>
<!-- Generated by org.testng.reporters.JUnitXMLReporter -->
<testsuite ignored="0" hostname="Meenu" failures="0" tests="3" name="Test" time="19.196" errors="0" timestamp="2023-06-29T00:32:39 IST">
  <testcase classname="testCases.VerifyLogin" name="verifyLoginCRMSFAPage" time="0.643"/>
  <testcase classname="testCases.CreateContacts" name="runCreateContacts" time="6.658"/>
  <testcase classname="testCases.CreateContacts" name="runCreateContacts" time="6.613"/>
</testsuite> <!-- Test -->
