<?xml version="1.0" encoding="UTF-8"?>
<testng-results ignored="0" total="3" passed="3" failed="0" skipped="0">
  <reporter-output>
  </reporter-output>
  <suite started-at="2023-06-29T00:32:20 IST" name="Suite" finished-at="2023-06-29T00:32:39 IST" duration-ms="19196">
    <groups>
    </groups>
    <test started-at="2023-06-29T00:32:20 IST" name="Test" finished-at="2023-06-29T00:32:39 IST" duration-ms="19196">
      <class name="testCases.VerifyLogin">
        <test-method is-config="true" signature="preConditions()[pri:0, instance:testCases.VerifyLogin@7d9d0818]" started-at="2023-06-29T00:32:20 IST" name="preConditions" finished-at="2023-06-29T00:32:24 IST" duration-ms="3827" status="PASS">
          <reporter-output>
          </reporter-output>
        </test-method> <!-- preConditions -->
        <test-method signature="verifyLoginCRMSFAPage()[pri:0, instance:testCases.VerifyLogin@7d9d0818]" started-at="2023-06-29T00:32:24 IST" name="verifyLoginCRMSFAPage" finished-at="2023-06-29T00:32:24 IST" duration-ms="643" status="PASS">
          <reporter-output>
          </reporter-output>
        </test-method> <!-- verifyLoginCRMSFAPage -->
        <test-method is-config="true" signature="postCondition()[pri:0, instance:testCases.VerifyLogin@7d9d0818]" started-at="2023-06-29T00:32:24 IST" name="postCondition" finished-at="2023-06-29T00:32:25 IST" duration-ms="137" status="PASS">
          <reporter-output>
          </reporter-output>
        </test-method> <!-- postCondition -->
      </class> <!-- testCases.VerifyLogin -->
      <class name="testCases.CreateContacts">
        <test-method is-config="true" signature="fileNamePass()[pri:0, instance:testCases.CreateContacts@6b695b06]" started-at="2023-06-29T00:32:20 IST" name="fileNamePass" finished-at="2023-06-29T00:32:20 IST" duration-ms="12" status="PASS">
          <reporter-output>
          </reporter-output>
        </test-method> <!-- fileNamePass -->
        <test-method is-config="true" signature="preConditions()[pri:0, instance:testCases.CreateContacts@6b695b06]" started-at="2023-06-29T00:32:21 IST" name="preConditions" finished-at="2023-06-29T00:32:24 IST" duration-ms="2802" status="PASS">
          <reporter-output>
          </reporter-output>
        </test-method> <!-- preConditions -->
        <test-method signature="runCreateContacts(java.lang.String,java.lang.String,java.lang.String)[pri:0, instance:testCases.CreateContacts@6b695b06]" started-at="2023-06-29T00:32:24 IST" name="runCreateContacts" data-provider="contacts_Data" finished-at="2023-06-29T00:32:30 IST" duration-ms="6658" status="PASS">
          <params>
            <param index="0">
              <value>
                <![CDATA[Kai]]>
              </value>
            </param>
            <param index="1">
              <value>
                <![CDATA[Haverts]]>
              </value>
            </param>
            <param index="2">
              <value>
                <![CDATA[66600]]>
              </value>
            </param>
          </params>
          <reporter-output>
          </reporter-output>
        </test-method> <!-- runCreateContacts -->
        <test-method is-config="true" signature="postCondition()[pri:0, instance:testCases.CreateContacts@6b695b06]" started-at="2023-06-29T00:32:30 IST" name="postCondition" finished-at="2023-06-29T00:32:31 IST" duration-ms="141" status="PASS">
          <reporter-output>
          </reporter-output>
        </test-method> <!-- postCondition -->
        <test-method is-config="true" signature="preConditions()[pri:0, instance:testCases.CreateContacts@6b695b06]" started-at="2023-06-29T00:32:31 IST" name="preConditions" finished-at="2023-06-29T00:32:32 IST" duration-ms="1830" status="PASS">
          <reporter-output>
          </reporter-output>
        </test-method> <!-- preConditions -->
        <test-method signature="runCreateContacts(java.lang.String,java.lang.String,java.lang.String)[pri:0, instance:testCases.CreateContacts@6b695b06]" started-at="2023-06-29T00:32:32 IST" name="runCreateContacts" data-provider="contacts_Data" finished-at="2023-06-29T00:32:39 IST" duration-ms="6613" status="PASS">
          <params>
            <param index="0">
              <value>
                <![CDATA[Raheem]]>
              </value>
            </param>
            <param index="1">
              <value>
                <![CDATA[Sterling]]>
              </value>
            </param>
            <param index="2">
              <value>
                <![CDATA[77011]]>
              </value>
            </param>
          </params>
          <reporter-output>
          </reporter-output>
        </test-method> <!-- runCreateContacts -->
        <test-method is-config="true" signature="postCondition()[pri:0, instance:testCases.CreateContacts@6b695b06]" started-at="2023-06-29T00:32:39 IST" name="postCondition" finished-at="2023-06-29T00:32:39 IST" duration-ms="117" status="PASS">
          <reporter-output>
          </reporter-output>
        </test-method> <!-- postCondition -->
      </class> <!-- testCases.CreateContacts -->
    </test> <!-- Test -->
  </suite> <!-- Suite -->
</testng-results>
