<?xml version="1.0" encoding="UTF-8"?>
<testng-results ignored="0" total="2" passed="2" failed="0" skipped="0">
  <reporter-output>
  </reporter-output>
  <suite started-at="2023-06-28T02:07:37 IST" name="Default suite" finished-at="2023-06-28T02:07:57 IST" duration-ms="19096">
    <groups>
    </groups>
    <test started-at="2023-06-28T02:07:37 IST" name="Default test" finished-at="2023-06-28T02:07:57 IST" duration-ms="19096">
      <class name="testCases.CreateContacts">
        <test-method is-config="true" signature="fileNamePass()[pri:0, instance:testCases.CreateContacts@312aa7c]" started-at="2023-06-28T02:07:37 IST" name="fileNamePass" finished-at="2023-06-28T02:07:37 IST" duration-ms="9" status="PASS">
          <reporter-output>
          </reporter-output>
        </test-method> <!-- fileNamePass -->
        <test-method is-config="true" signature="preConditions()[pri:0, instance:testCases.CreateContacts@312aa7c]" started-at="2023-06-28T02:07:38 IST" name="preConditions" finished-at="2023-06-28T02:07:42 IST" duration-ms="3382" status="PASS">
          <reporter-output>
          </reporter-output>
        </test-method> <!-- preConditions -->
        <test-method signature="runCreateContacts(java.lang.String,java.lang.String,java.lang.String)[pri:0, instance:testCases.CreateContacts@312aa7c]" started-at="2023-06-28T02:07:42 IST" name="runCreateContacts" data-provider="contacts_Data" finished-at="2023-06-28T02:07:48 IST" duration-ms="6466" status="PASS">
          <params>
            <param index="0">
              <value>
                <![CDATA[Kai]]>
              </value>
            </param>
            <param index="1">
              <value>
                <![CDATA[Haverts]]>
              </value>
            </param>
            <param index="2">
              <value>
                <![CDATA[66600]]>
              </value>
            </param>
          </params>
          <reporter-output>
          </reporter-output>
        </test-method> <!-- runCreateContacts -->
        <test-method is-config="true" signature="postCondition()[pri:0, instance:testCases.CreateContacts@312aa7c]" started-at="2023-06-28T02:07:48 IST" name="postCondition" finished-at="2023-06-28T02:07:48 IST" duration-ms="172" status="PASS">
          <reporter-output>
          </reporter-output>
        </test-method> <!-- postCondition -->
        <test-method is-config="true" signature="preConditions()[pri:0, instance:testCases.CreateContacts@312aa7c]" started-at="2023-06-28T02:07:48 IST" name="preConditions" finished-at="2023-06-28T02:07:50 IST" duration-ms="1953" status="PASS">
          <reporter-output>
          </reporter-output>
        </test-method> <!-- preConditions -->
        <test-method signature="runCreateContacts(java.lang.String,java.lang.String,java.lang.String)[pri:0, instance:testCases.CreateContacts@312aa7c]" started-at="2023-06-28T02:07:50 IST" name="runCreateContacts" data-provider="contacts_Data" finished-at="2023-06-28T02:07:56 IST" duration-ms="6286" status="PASS">
          <params>
            <param index="0">
              <value>
                <![CDATA[Raheem]]>
              </value>
            </param>
            <param index="1">
              <value>
                <![CDATA[Sterling]]>
              </value>
            </param>
            <param index="2">
              <value>
                <![CDATA[77011]]>
              </value>
            </param>
          </params>
          <reporter-output>
          </reporter-output>
        </test-method> <!-- runCreateContacts -->
        <test-method is-config="true" signature="postCondition()[pri:0, instance:testCases.CreateContacts@312aa7c]" started-at="2023-06-28T02:07:56 IST" name="postCondition" finished-at="2023-06-28T02:07:57 IST" duration-ms="109" status="PASS">
          <reporter-output>
          </reporter-output>
        </test-method> <!-- postCondition -->
      </class> <!-- testCases.CreateContacts -->
    </test> <!-- Default test -->
  </suite> <!-- Default suite -->
</testng-results>
